<?xml version="1.0" encoding="UTF-8"?>
<testsuite xmlns:xsi="http://www.w3.org/2001/XMLSchema-instance" xsi:noNamespaceSchemaLocation="https://maven.apache.org/surefire/maven-surefire-plugin/xsd/surefire-test-report-3.0.xsd" version="3.0" name="com.frank.cucumberframework.testrunners.WebTestRunner" time="25.192" tests="1" errors="0" skipped="0" failures="1">
  <properties>
    <property name="sun.desktop" value="windows"/>
    <property name="awt.toolkit" value="sun.awt.windows.WToolkit"/>
    <property name="file.encoding.pkg" value="sun.io"/>
    <property name="java.specification.version" value="1.8"/>
    <property name="sun.cpu.isalist" value="amd64"/>
    <property name="sun.jnu.encoding" value="GBK"/>
    <property name="java.class.path" value="D:\Code\Java\cucumberframework\target\test-classes;D:\Code\Java\cucumberframework\target\classes;D:\Java\maven_local_repo\org\seleniumhq\selenium\selenium-java\3.14.0\selenium-java-3.14.0.jar;D:\Java\maven_local_repo\org\seleniumhq\selenium\selenium-api\3.14.0\selenium-api-3.14.0.jar;D:\Java\maven_local_repo\org\seleniumhq\selenium\selenium-chrome-driver\3.14.0\selenium-chrome-driver-3.14.0.jar;D:\Java\maven_local_repo\org\seleniumhq\selenium\selenium-edge-driver\3.14.0\selenium-edge-driver-3.14.0.jar;D:\Java\maven_local_repo\org\seleniumhq\selenium\selenium-firefox-driver\3.14.0\selenium-firefox-driver-3.14.0.jar;D:\Java\maven_local_repo\org\seleniumhq\selenium\selenium-ie-driver\3.14.0\selenium-ie-driver-3.14.0.jar;D:\Java\maven_local_repo\org\seleniumhq\selenium\selenium-opera-driver\3.14.0\selenium-opera-driver-3.14.0.jar;D:\Java\maven_local_repo\org\seleniumhq\selenium\selenium-remote-driver\3.14.0\selenium-remote-driver-3.14.0.jar;D:\Java\maven_local_repo\org\seleniumhq\selenium\selenium-safari-driver\3.14.0\selenium-safari-driver-3.14.0.jar;D:\Java\maven_local_repo\org\seleniumhq\selenium\selenium-support\3.14.0\selenium-support-3.14.0.jar;D:\Java\maven_local_repo\net\bytebuddy\byte-buddy\1.8.15\byte-buddy-1.8.15.jar;D:\Java\maven_local_repo\org\apache\commons\commons-exec\1.3\commons-exec-1.3.jar;D:\Java\maven_local_repo\commons-codec\commons-codec\1.10\commons-codec-1.10.jar;D:\Java\maven_local_repo\commons-logging\commons-logging\1.2\commons-logging-1.2.jar;D:\Java\maven_local_repo\com\google\guava\guava\25.0-jre\guava-25.0-jre.jar;D:\Java\maven_local_repo\com\google\code\findbugs\jsr305\1.3.9\jsr305-1.3.9.jar;D:\Java\maven_local_repo\org\checkerframework\checker-compat-qual\2.0.0\checker-compat-qual-2.0.0.jar;D:\Java\maven_local_repo\com\google\errorprone\error_prone_annotations\2.1.3\error_prone_annotations-2.1.3.jar;D:\Java\maven_local_repo\com\google\j2objc\j2objc-annotations\1.1\j2objc-annotations-1.1.jar;D:\Java\maven_local_repo\org\codehaus\mojo\animal-sniffer-annotations\1.14\animal-sniffer-annotations-1.14.jar;D:\Java\maven_local_repo\org\apache\httpcomponents\httpclient\4.5.5\httpclient-4.5.5.jar;D:\Java\maven_local_repo\org\apache\httpcomponents\httpcore\4.4.9\httpcore-4.4.9.jar;D:\Java\maven_local_repo\com\squareup\okhttp3\okhttp\3.10.0\okhttp-3.10.0.jar;D:\Java\maven_local_repo\com\squareup\okio\okio\1.14.1\okio-1.14.1.jar;D:\Java\maven_local_repo\io\appium\java-client\6.1.0\java-client-6.1.0.jar;D:\Java\maven_local_repo\com\google\code\gson\gson\2.8.4\gson-2.8.4.jar;D:\Java\maven_local_repo\cglib\cglib\3.2.6\cglib-3.2.6.jar;D:\Java\maven_local_repo\org\ow2\asm\asm\6.0\asm-6.0.jar;D:\Java\maven_local_repo\org\apache\ant\ant\1.9.6\ant-1.9.6.jar;D:\Java\maven_local_repo\org\apache\ant\ant-launcher\1.9.6\ant-launcher-1.9.6.jar;D:\Java\maven_local_repo\commons-validator\commons-validator\1.6\commons-validator-1.6.jar;D:\Java\maven_local_repo\commons-beanutils\commons-beanutils\1.9.2\commons-beanutils-1.9.2.jar;D:\Java\maven_local_repo\commons-digester\commons-digester\1.8.1\commons-digester-1.8.1.jar;D:\Java\maven_local_repo\commons-collections\commons-collections\3.2.2\commons-collections-3.2.2.jar;D:\Java\maven_local_repo\org\apache\commons\commons-lang3\3.7\commons-lang3-3.7.jar;D:\Java\maven_local_repo\org\springframework\spring-context\5.0.5.RELEASE\spring-context-5.0.5.RELEASE.jar;D:\Java\maven_local_repo\org\springframework\spring-aop\5.0.5.RELEASE\spring-aop-5.0.5.RELEASE.jar;D:\Java\maven_local_repo\org\springframework\spring-beans\5.0.5.RELEASE\spring-beans-5.0.5.RELEASE.jar;D:\Java\maven_local_repo\org\springframework\spring-core\5.0.5.RELEASE\spring-core-5.0.5.RELEASE.jar;D:\Java\maven_local_repo\org\springframework\spring-jcl\5.0.5.RELEASE\spring-jcl-5.0.5.RELEASE.jar;D:\Java\maven_local_repo\org\springframework\spring-expression\5.0.5.RELEASE\spring-expression-5.0.5.RELEASE.jar;D:\Java\maven_local_repo\org\aspectj\aspectjweaver\1.9.1\aspectjweaver-1.9.1.jar;D:\Java\maven_local_repo\org\openpnp\opencv\3.2.0-1\opencv-3.2.0-1.jar;D:\Java\maven_local_repo\io\rest-assured\rest-assured\3.3.0\rest-assured-3.3.0.jar;D:\Java\maven_local_repo\org\codehaus\groovy\groovy\2.4.15\groovy-2.4.15.jar;D:\Java\maven_local_repo\org\codehaus\groovy\groovy-xml\2.4.15\groovy-xml-2.4.15.jar;D:\Java\maven_local_repo\org\apache\httpcomponents\httpmime\4.5.3\httpmime-4.5.3.jar;D:\Java\maven_local_repo\org\hamcrest\hamcrest-core\1.3\hamcrest-core-1.3.jar;D:\Java\maven_local_repo\org\hamcrest\hamcrest-library\1.3\hamcrest-library-1.3.jar;D:\Java\maven_local_repo\org\ccil\cowan\tagsoup\tagsoup\1.2.1\tagsoup-1.2.1.jar;D:\Java\maven_local_repo\io\rest-assured\json-path\3.3.0\json-path-3.3.0.jar;D:\Java\maven_local_repo\org\codehaus\groovy\groovy-json\2.4.15\groovy-json-2.4.15.jar;D:\Java\maven_local_repo\io\rest-assured\rest-assured-common\3.3.0\rest-assured-common-3.3.0.jar;D:\Java\maven_local_repo\io\rest-assured\xml-path\3.3.0\xml-path-3.3.0.jar;D:\Java\maven_local_repo\javax\xml\bind\jaxb-api\2.2.12\jaxb-api-2.2.12.jar;D:\Java\maven_local_repo\com\sun\xml\bind\jaxb-osgi\2.2.10\jaxb-osgi-2.2.10.jar;D:\Java\maven_local_repo\org\apache\sling\org.apache.sling.javax.activation\0.1.0\org.apache.sling.javax.activation-0.1.0.jar;D:\Java\maven_local_repo\javax\activation\activation\1.1.1\activation-1.1.1.jar;D:\Java\maven_local_repo\io\cucumber\cucumber-java\4.2.0\cucumber-java-4.2.0.jar;D:\Java\maven_local_repo\io\cucumber\cucumber-core\4.2.0\cucumber-core-4.2.0.jar;D:\Java\maven_local_repo\io\cucumber\cucumber-html\0.2.7\cucumber-html-0.2.7.jar;D:\Java\maven_local_repo\io\cucumber\gherkin\5.1.0\gherkin-5.1.0.jar;D:\Java\maven_local_repo\io\cucumber\tag-expressions\1.1.1\tag-expressions-1.1.1.jar;D:\Java\maven_local_repo\io\cucumber\cucumber-expressions\6.2.0\cucumber-expressions-6.2.0.jar;D:\Java\maven_local_repo\io\cucumber\datatable\1.1.7\datatable-1.1.7.jar;D:\Java\maven_local_repo\io\cucumber\datatable-dependencies\1.1.7\datatable-dependencies-1.1.7.jar;D:\Java\maven_local_repo\org\testng\testng\6.14.2\testng-6.14.2.jar;D:\Java\maven_local_repo\com\beust\jcommander\1.72\jcommander-1.72.jar;D:\Java\maven_local_repo\org\apache-extras\beanshell\bsh\2.0b6\bsh-2.0b6.jar;D:\Java\maven_local_repo\io\cucumber\cucumber-testng\4.2.0\cucumber-testng-4.2.0.jar;D:\Java\maven_local_repo\org\apache\logging\log4j\log4j-api\2.5\log4j-api-2.5.jar;D:\Java\maven_local_repo\org\apache\logging\log4j\log4j-core\2.5\log4j-core-2.5.jar;D:\Java\maven_local_repo\commons-io\commons-io\1.3.2\commons-io-1.3.2.jar;D:\Java\maven_local_repo\io\qameta\allure\allure-testng\2.9.0\allure-testng-2.9.0.jar;D:\Java\maven_local_repo\io\qameta\allure\allure-descriptions-javadoc\2.9.0\allure-descriptions-javadoc-2.9.0.jar;D:\Java\maven_local_repo\io\qameta\allure\allure-java-commons\2.9.0\allure-java-commons-2.9.0.jar;D:\Java\maven_local_repo\io\qameta\allure\allure-model\2.9.0\allure-model-2.9.0.jar;D:\Java\maven_local_repo\com\fasterxml\jackson\core\jackson-databind\2.9.7\jackson-databind-2.9.7.jar;D:\Java\maven_local_repo\com\fasterxml\jackson\core\jackson-annotations\2.9.0\jackson-annotations-2.9.0.jar;D:\Java\maven_local_repo\com\fasterxml\jackson\core\jackson-core\2.9.7\jackson-core-2.9.7.jar;D:\Java\maven_local_repo\org\apache\tika\tika-core\1.19.1\tika-core-1.19.1.jar;D:\Java\maven_local_repo\org\aspectj\aspectjrt\1.9.1\aspectjrt-1.9.1.jar;D:\Java\maven_local_repo\org\jooq\joor-java-8\0.9.9\joor-java-8-0.9.9.jar;D:\Java\maven_local_repo\org\slf4j\slf4j-simple\1.7.25\slf4j-simple-1.7.25.jar;D:\Java\maven_local_repo\org\slf4j\slf4j-api\1.7.25\slf4j-api-1.7.25.jar;D:\Java\maven_local_repo\org\mongodb\mongodb-driver\3.9.1\mongodb-driver-3.9.1.jar;D:\Java\maven_local_repo\org\mongodb\bson\3.9.1\bson-3.9.1.jar;D:\Java\maven_local_repo\org\mongodb\mongodb-driver-core\3.9.1\mongodb-driver-core-3.9.1.jar;D:\Java\maven_local_repo\org\json\json\20180813\json-20180813.jar;"/>
    <property name="java.vm.vendor" value="Oracle Corporation"/>
    <property name="sun.arch.data.model" value="64"/>
    <property name="user.variant" value=""/>
    <property name="java.vendor.url" value="http://java.oracle.com/"/>
    <property name="user.timezone" value="Asia/Shanghai"/>
    <property name="user.country.format" value="CN"/>
    <property name="java.vm.specification.version" value="1.8"/>
    <property name="os.name" value="Windows 8.1"/>
    <property name="user.country" value="US"/>
    <property name="sun.java.launcher" value="SUN_STANDARD"/>
    <property name="sun.boot.library.path" value="D:\Java\jdk1.8.0_181\jre\bin"/>
    <property name="sun.java.command" value="C:\Users\Frank\AppData\Local\Temp\surefire8021392377682898478\surefirebooter3843183423965385289.jar C:\Users\Frank\AppData\Local\Temp\surefire8021392377682898478 2019-02-17T17-30-14_774-jvmRun1 surefire1319516345315616693tmp surefire_03871593305821266238tmp"/>
    <property name="surefire.test.class.path" value="D:\Code\Java\cucumberframework\target\test-classes;D:\Code\Java\cucumberframework\target\classes;D:\Java\maven_local_repo\org\seleniumhq\selenium\selenium-java\3.14.0\selenium-java-3.14.0.jar;D:\Java\maven_local_repo\org\seleniumhq\selenium\selenium-api\3.14.0\selenium-api-3.14.0.jar;D:\Java\maven_local_repo\org\seleniumhq\selenium\selenium-chrome-driver\3.14.0\selenium-chrome-driver-3.14.0.jar;D:\Java\maven_local_repo\org\seleniumhq\selenium\selenium-edge-driver\3.14.0\selenium-edge-driver-3.14.0.jar;D:\Java\maven_local_repo\org\seleniumhq\selenium\selenium-firefox-driver\3.14.0\selenium-firefox-driver-3.14.0.jar;D:\Java\maven_local_repo\org\seleniumhq\selenium\selenium-ie-driver\3.14.0\selenium-ie-driver-3.14.0.jar;D:\Java\maven_local_repo\org\seleniumhq\selenium\selenium-opera-driver\3.14.0\selenium-opera-driver-3.14.0.jar;D:\Java\maven_local_repo\org\seleniumhq\selenium\selenium-remote-driver\3.14.0\selenium-remote-driver-3.14.0.jar;D:\Java\maven_local_repo\org\seleniumhq\selenium\selenium-safari-driver\3.14.0\selenium-safari-driver-3.14.0.jar;D:\Java\maven_local_repo\org\seleniumhq\selenium\selenium-support\3.14.0\selenium-support-3.14.0.jar;D:\Java\maven_local_repo\net\bytebuddy\byte-buddy\1.8.15\byte-buddy-1.8.15.jar;D:\Java\maven_local_repo\org\apache\commons\commons-exec\1.3\commons-exec-1.3.jar;D:\Java\maven_local_repo\commons-codec\commons-codec\1.10\commons-codec-1.10.jar;D:\Java\maven_local_repo\commons-logging\commons-logging\1.2\commons-logging-1.2.jar;D:\Java\maven_local_repo\com\google\guava\guava\25.0-jre\guava-25.0-jre.jar;D:\Java\maven_local_repo\com\google\code\findbugs\jsr305\1.3.9\jsr305-1.3.9.jar;D:\Java\maven_local_repo\org\checkerframework\checker-compat-qual\2.0.0\checker-compat-qual-2.0.0.jar;D:\Java\maven_local_repo\com\google\errorprone\error_prone_annotations\2.1.3\error_prone_annotations-2.1.3.jar;D:\Java\maven_local_repo\com\google\j2objc\j2objc-annotations\1.1\j2objc-annotations-1.1.jar;D:\Java\maven_local_repo\org\codehaus\mojo\animal-sniffer-annotations\1.14\animal-sniffer-annotations-1.14.jar;D:\Java\maven_local_repo\org\apache\httpcomponents\httpclient\4.5.5\httpclient-4.5.5.jar;D:\Java\maven_local_repo\org\apache\httpcomponents\httpcore\4.4.9\httpcore-4.4.9.jar;D:\Java\maven_local_repo\com\squareup\okhttp3\okhttp\3.10.0\okhttp-3.10.0.jar;D:\Java\maven_local_repo\com\squareup\okio\okio\1.14.1\okio-1.14.1.jar;D:\Java\maven_local_repo\io\appium\java-client\6.1.0\java-client-6.1.0.jar;D:\Java\maven_local_repo\com\google\code\gson\gson\2.8.4\gson-2.8.4.jar;D:\Java\maven_local_repo\cglib\cglib\3.2.6\cglib-3.2.6.jar;D:\Java\maven_local_repo\org\ow2\asm\asm\6.0\asm-6.0.jar;D:\Java\maven_local_repo\org\apache\ant\ant\1.9.6\ant-1.9.6.jar;D:\Java\maven_local_repo\org\apache\ant\ant-launcher\1.9.6\ant-launcher-1.9.6.jar;D:\Java\maven_local_repo\commons-validator\commons-validator\1.6\commons-validator-1.6.jar;D:\Java\maven_local_repo\commons-beanutils\commons-beanutils\1.9.2\commons-beanutils-1.9.2.jar;D:\Java\maven_local_repo\commons-digester\commons-digester\1.8.1\commons-digester-1.8.1.jar;D:\Java\maven_local_repo\commons-collections\commons-collections\3.2.2\commons-collections-3.2.2.jar;D:\Java\maven_local_repo\org\apache\commons\commons-lang3\3.7\commons-lang3-3.7.jar;D:\Java\maven_local_repo\org\springframework\spring-context\5.0.5.RELEASE\spring-context-5.0.5.RELEASE.jar;D:\Java\maven_local_repo\org\springframework\spring-aop\5.0.5.RELEASE\spring-aop-5.0.5.RELEASE.jar;D:\Java\maven_local_repo\org\springframework\spring-beans\5.0.5.RELEASE\spring-beans-5.0.5.RELEASE.jar;D:\Java\maven_local_repo\org\springframework\spring-core\5.0.5.RELEASE\spring-core-5.0.5.RELEASE.jar;D:\Java\maven_local_repo\org\springframework\spring-jcl\5.0.5.RELEASE\spring-jcl-5.0.5.RELEASE.jar;D:\Java\maven_local_repo\org\springframework\spring-expression\5.0.5.RELEASE\spring-expression-5.0.5.RELEASE.jar;D:\Java\maven_local_repo\org\aspectj\aspectjweaver\1.9.1\aspectjweaver-1.9.1.jar;D:\Java\maven_local_repo\org\openpnp\opencv\3.2.0-1\opencv-3.2.0-1.jar;D:\Java\maven_local_repo\io\rest-assured\rest-assured\3.3.0\rest-assured-3.3.0.jar;D:\Java\maven_local_repo\org\codehaus\groovy\groovy\2.4.15\groovy-2.4.15.jar;D:\Java\maven_local_repo\org\codehaus\groovy\groovy-xml\2.4.15\groovy-xml-2.4.15.jar;D:\Java\maven_local_repo\org\apache\httpcomponents\httpmime\4.5.3\httpmime-4.5.3.jar;D:\Java\maven_local_repo\org\hamcrest\hamcrest-core\1.3\hamcrest-core-1.3.jar;D:\Java\maven_local_repo\org\hamcrest\hamcrest-library\1.3\hamcrest-library-1.3.jar;D:\Java\maven_local_repo\org\ccil\cowan\tagsoup\tagsoup\1.2.1\tagsoup-1.2.1.jar;D:\Java\maven_local_repo\io\rest-assured\json-path\3.3.0\json-path-3.3.0.jar;D:\Java\maven_local_repo\org\codehaus\groovy\groovy-json\2.4.15\groovy-json-2.4.15.jar;D:\Java\maven_local_repo\io\rest-assured\rest-assured-common\3.3.0\rest-assured-common-3.3.0.jar;D:\Java\maven_local_repo\io\rest-assured\xml-path\3.3.0\xml-path-3.3.0.jar;D:\Java\maven_local_repo\javax\xml\bind\jaxb-api\2.2.12\jaxb-api-2.2.12.jar;D:\Java\maven_local_repo\com\sun\xml\bind\jaxb-osgi\2.2.10\jaxb-osgi-2.2.10.jar;D:\Java\maven_local_repo\org\apache\sling\org.apache.sling.javax.activation\0.1.0\org.apache.sling.javax.activation-0.1.0.jar;D:\Java\maven_local_repo\javax\activation\activation\1.1.1\activation-1.1.1.jar;D:\Java\maven_local_repo\io\cucumber\cucumber-java\4.2.0\cucumber-java-4.2.0.jar;D:\Java\maven_local_repo\io\cucumber\cucumber-core\4.2.0\cucumber-core-4.2.0.jar;D:\Java\maven_local_repo\io\cucumber\cucumber-html\0.2.7\cucumber-html-0.2.7.jar;D:\Java\maven_local_repo\io\cucumber\gherkin\5.1.0\gherkin-5.1.0.jar;D:\Java\maven_local_repo\io\cucumber\tag-expressions\1.1.1\tag-expressions-1.1.1.jar;D:\Java\maven_local_repo\io\cucumber\cucumber-expressions\6.2.0\cucumber-expressions-6.2.0.jar;D:\Java\maven_local_repo\io\cucumber\datatable\1.1.7\datatable-1.1.7.jar;D:\Java\maven_local_repo\io\cucumber\datatable-dependencies\1.1.7\datatable-dependencies-1.1.7.jar;D:\Java\maven_local_repo\org\testng\testng\6.14.2\testng-6.14.2.jar;D:\Java\maven_local_repo\com\beust\jcommander\1.72\jcommander-1.72.jar;D:\Java\maven_local_repo\org\apache-extras\beanshell\bsh\2.0b6\bsh-2.0b6.jar;D:\Java\maven_local_repo\io\cucumber\cucumber-testng\4.2.0\cucumber-testng-4.2.0.jar;D:\Java\maven_local_repo\org\apache\logging\log4j\log4j-api\2.5\log4j-api-2.5.jar;D:\Java\maven_local_repo\org\apache\logging\log4j\log4j-core\2.5\log4j-core-2.5.jar;D:\Java\maven_local_repo\commons-io\commons-io\1.3.2\commons-io-1.3.2.jar;D:\Java\maven_local_repo\io\qameta\allure\allure-testng\2.9.0\allure-testng-2.9.0.jar;D:\Java\maven_local_repo\io\qameta\allure\allure-descriptions-javadoc\2.9.0\allure-descriptions-javadoc-2.9.0.jar;D:\Java\maven_local_repo\io\qameta\allure\allure-java-commons\2.9.0\allure-java-commons-2.9.0.jar;D:\Java\maven_local_repo\io\qameta\allure\allure-model\2.9.0\allure-model-2.9.0.jar;D:\Java\maven_local_repo\com\fasterxml\jackson\core\jackson-databind\2.9.7\jackson-databind-2.9.7.jar;D:\Java\maven_local_repo\com\fasterxml\jackson\core\jackson-annotations\2.9.0\jackson-annotations-2.9.0.jar;D:\Java\maven_local_repo\com\fasterxml\jackson\core\jackson-core\2.9.7\jackson-core-2.9.7.jar;D:\Java\maven_local_repo\org\apache\tika\tika-core\1.19.1\tika-core-1.19.1.jar;D:\Java\maven_local_repo\org\aspectj\aspectjrt\1.9.1\aspectjrt-1.9.1.jar;D:\Java\maven_local_repo\org\jooq\joor-java-8\0.9.9\joor-java-8-0.9.9.jar;D:\Java\maven_local_repo\org\slf4j\slf4j-simple\1.7.25\slf4j-simple-1.7.25.jar;D:\Java\maven_local_repo\org\slf4j\slf4j-api\1.7.25\slf4j-api-1.7.25.jar;D:\Java\maven_local_repo\org\mongodb\mongodb-driver\3.9.1\mongodb-driver-3.9.1.jar;D:\Java\maven_local_repo\org\mongodb\bson\3.9.1\bson-3.9.1.jar;D:\Java\maven_local_repo\org\mongodb\mongodb-driver-core\3.9.1\mongodb-driver-core-3.9.1.jar;D:\Java\maven_local_repo\org\json\json\20180813\json-20180813.jar;"/>
    <property name="sun.cpu.endian" value="little"/>
    <property name="user.home" value="C:\Users\Frank"/>
    <property name="user.language" value="en"/>
    <property name="java.specification.vendor" value="Oracle Corporation"/>
    <property name="java.home" value="D:\Java\jdk1.8.0_181\jre"/>
    <property name="basedir" value="D:\Code\Java\cucumberframework"/>
    <property name="file.separator" value="\"/>
    <property name="line.separator" value="&#10;"/>
    <property name="java.vm.specification.vendor" value="Oracle Corporation"/>
    <property name="java.specification.name" value="Java Platform API Specification"/>
    <property name="java.awt.graphicsenv" value="sun.awt.Win32GraphicsEnvironment"/>
    <property name="surefire.real.class.path" value="C:\Users\Frank\AppData\Local\Temp\surefire8021392377682898478\surefirebooter3843183423965385289.jar"/>
    <property name="sun.boot.class.path" value="D:\Java\jdk1.8.0_181\jre\lib\resources.jar;D:\Java\jdk1.8.0_181\jre\lib\rt.jar;D:\Java\jdk1.8.0_181\jre\lib\sunrsasign.jar;D:\Java\jdk1.8.0_181\jre\lib\jsse.jar;D:\Java\jdk1.8.0_181\jre\lib\jce.jar;D:\Java\jdk1.8.0_181\jre\lib\charsets.jar;D:\Java\jdk1.8.0_181\jre\lib\jfr.jar;D:\Java\jdk1.8.0_181\jre\classes"/>
    <property name="user.script" value=""/>
    <property name="sun.management.compiler" value="HotSpot 64-Bit Tiered Compilers"/>
    <property name="java.runtime.version" value="1.8.0_181-b13"/>
    <property name="user.name" value="Frank"/>
    <property name="path.separator" value=";"/>
    <property name="os.version" value="6.3"/>
    <property name="java.endorsed.dirs" value="D:\Java\jdk1.8.0_181\jre\lib\endorsed"/>
    <property name="java.runtime.name" value="Java(TM) SE Runtime Environment"/>
    <property name="file.encoding" value="GBK"/>
    <property name="java.vm.name" value="Java HotSpot(TM) 64-Bit Server VM"/>
    <property name="localRepository" value="D:\Java\maven_local_repo"/>
    <property name="java.vendor.url.bug" value="http://bugreport.sun.com/bugreport/"/>
    <property name="java.io.tmpdir" value="C:\Users\Frank\AppData\Local\Temp\"/>
    <property name="java.version" value="1.8.0_181"/>
    <property name="user.dir" value="D:\Code\Java\cucumberframework"/>
    <property name="os.arch" value="amd64"/>
    <property name="java.vm.specification.name" value="Java Virtual Machine Specification"/>
    <property name="java.awt.printerjob" value="sun.awt.windows.WPrinterJob"/>
    <property name="user.language.format" value="zh"/>
    <property name="sun.os.patch.level" value=""/>
    <property name="java.library.path" value="D:\Java\jdk1.8.0_181\jre\bin;C:\Windows\Sun\Java\bin;C:\Windows\system32;C:\Windows;D:/Java/jdk1.8.0_181/bin/../jre/bin/server;D:/Java/jdk1.8.0_181/bin/../jre/bin;D:/Java/jdk1.8.0_181/bin/../jre/lib/amd64;C:\mysql\bin\bin;D:\Java\report\allure-2.9.0\bin;C:\Program Files\Nodejs;C:\Program Files\nodejs\node_modules\npm\bin;C:\Users\Frank\AppData\Local\Android\Sdk\platform-tools;C:\Users\Frank\AppData\Local\Android\Sdk\tools;C:\Users\Frank\AppData\Local\Android\Sdk\tools\bin;D:\Java\maven\bin;D:\Apache\PHP_7125;D:\Python37\Scripts\;D:\Python37\;D:\Java\jdk1.8.0_181\bin;D:\Java\jdk1.8.0_181\jre\bin;D:\downloads\FirefoxPortable\App\Firefox64\;C:\Users\Frank\AppData\Local\Google\Chrome\Application;D:\Python27\;D:\Python27\Scripts;C:\Windows\system32;C:\Windows;C:\Windows\System32\Wbem;C:\Windows\System32\WindowsPowerShell\v1.0\;C:\Program Files\Intel\WiFi\bin\;C:\Program Files\Common Files\Intel\WirelessCommon\;C:\Program Files (x86)\Common Files\Acronis\VirtualFile\;C:\Program Files (x86)\Common Files\Acronis\VirtualFile64\;C:\Program Files (x86)\Common Files\Acronis\FileProtector\;C:\Program Files (x86)\Common Files\Acronis\FileProtector64\;C:\Program Files (x86)\Common Files\Acronis\SnapAPI\;D:\downloads\Development\PortableGit;D:\downloads\Development\PortableGit\cmd;C:\Program Files\nodejs\;D:\Java\mongo\mongodb-win32-x86_64-2008plus-ssl-4.0.5\bin;C:\Program Files\Intel\WiFi\bin\;C:\Program Files\Common Files\Intel\WirelessCommon\;C:\Users\Frank\AppData\Local\GitHubDesktop\bin;C:\Users\Frank\AppData\Roaming\npm;D:\downloads\eclipse;;."/>
    <property name="java.vm.info" value="mixed mode"/>
    <property name="java.vendor" value="Oracle Corporation"/>
    <property name="java.vm.version" value="25.181-b13"/>
    <property name="java.ext.dirs" value="D:\Java\jdk1.8.0_181\jre\lib\ext;C:\Windows\Sun\Java\lib\ext"/>
    <property name="sun.io.unicode.encoding" value="UnicodeLittle"/>
    <property name="java.class.version" value="52.0"/>
  </properties>
  <testcase name="runScenario" classname="com.frank.cucumberframework.testrunners.WebTestRunner" time="21.88">
    <failure message="URL judgement has been failed!" type="java.lang.AssertionError">java.lang.AssertionError: URL judgement has been failed!
</failure>
    <system-out><![CDATA[Start webdriver
Take Screenshot successfully
Stop webdriver
]]></system-out>
    <system-err><![CDATA[Starting ChromeDriver 2.42.591088 (7b2b2dca23cca0862f674758c9a3933e685c27d5) on port 42930
Only local connections are allowed.
二月 17, 2019 5:30:30 下午 org.openqa.selenium.remote.ProtocolHandshake createSession
INFO: Detected dialect: OSS
]]></system-err>
  </testcase>
</testsuite>