<?xml version="1.0" encoding="UTF-8"?>
<!-- Generated by org.testng.reporters.JUnitReportReporter -->
<testsuite skipped="0" hostname="LiuYongjian" name="com.frank.cucumberframework.testrunners.WebTestRunner" tests="1" failures="0" timestamp="20 二月 2019 07:32:08 GMT" time="25.275" errors="0">
  <testcase name="runScenario" time="25.275" classname="com.frank.cucumberframework.testrunners.WebTestRunner"/>
</testsuite> <!-- com.frank.cucumberframework.testrunners.WebTestRunner -->
